Build started 7/15/2018 3:20:11 PM.
     1>Project "E:\AUT\8th semester\Multicore Programming\Project\tm_omp\tm_omp\tm_omp.vcxproj" on node 2 (Build target(s)).
     1>ClCompile:
         C:\Program Files (x86)\Microsoft Visual Studio 12.0\VC\bin\CL.exe /c /ZI /nologo /W3 /WX- /sdl /Od /Oy- /D WIN32 /D _DEBUG /D _CONSOLE /D _LIB /D _CRT_SECURE_NO_WARNINGS /D _UNICODE /D UNICODE /Gm /EHsc /RTC1 /MDd /GS /fp:precise /Zc:wchar_t /Zc:forScope /Fo"Debug\\" /Fd"Debug\vc120.pdb" /Gd /TP /analyze- /errorReport:prompt Source.cpp
         Source.cpp
         Change configuration to Release for a fast execution.
         Change platform to x64 for more memory.
         Enable nested parallelism if you wish to have parallel region within parallel region.
     1>e:\aut\8th semester\multicore programming\project\tm_omp\tm_omp\source.cpp(102): warning C4101: 'T' : unreferenced local variable
     1>e:\aut\8th semester\multicore programming\project\tm_omp\tm_omp\source.cpp(101): warning C4101: 'T_width' : unreferenced local variable
     1>e:\aut\8th semester\multicore programming\project\tm_omp\tm_omp\source.cpp(101): warning C4101: 'I_height' : unreferenced local variable
     1>e:\aut\8th semester\multicore programming\project\tm_omp\tm_omp\source.cpp(102): warning C4101: 'X3' : unreferenced local variable
     1>e:\aut\8th semester\multicore programming\project\tm_omp\tm_omp\source.cpp(101): warning C4101: 'I_width' : unreferenced local variable
     1>e:\aut\8th semester\multicore programming\project\tm_omp\tm_omp\source.cpp(101): warning C4101: 'T_height' : unreferenced local variable
     1>e:\aut\8th semester\multicore programming\project\tm_omp\tm_omp\source.cpp(102): warning C4101: 'X2' : unreferenced local variable
     1>e:\aut\8th semester\multicore programming\project\tm_omp\tm_omp\source.cpp(102): warning C4101: 'X1' : unreferenced local variable
     1>e:\aut\8th semester\multicore programming\project\tm_omp\tm_omp\source.cpp(102): warning C4101: 'I' : unreferenced local variable
       Link:
         C:\Program Files (x86)\Microsoft Visual Studio 12.0\VC\bin\link.exe /ERRORREPORT:PROMPT /OUT:"E:\AUT\8th semester\Multicore Programming\Project\tm_omp\Debug\tm_omp.exe" /INCREMENTAL /NOLOGO kernel32.lib user32.lib gdi32.lib winspool.lib comdlg32.lib advapi32.lib shell32.lib ole32.lib oleaut32.lib uuid.lib odbc32.lib odbccp32.lib /MANIFEST /MANIFESTUAC:"level='asInvoker' uiAccess='false'" /manifest:embed /DEBUG /PDB:"E:\AUT\8th semester\Multicore Programming\Project\tm_omp\Debug\tm_omp.pdb" /SUBSYSTEM:CONSOLE /TLBID:1 /DYNAMICBASE /NXCOMPAT /IMPLIB:"E:\AUT\8th semester\Multicore Programming\Project\tm_omp\Debug\tm_omp.lib" /MACHINE:X86 Debug\bmpread.obj
         Debug\Source.obj
         tm_omp.vcxproj -> E:\AUT\8th semester\Multicore Programming\Project\tm_omp\Debug\tm_omp.exe
     1>Done Building Project "E:\AUT\8th semester\Multicore Programming\Project\tm_omp\tm_omp\tm_omp.vcxproj" (Build target(s)).

Build succeeded.

Time Elapsed 00:00:00.66
